[docs.python.org/3/index.html]
[backblue.gif]
[fade.gif]
[index.html]
[docs.python.org/3/_static/pygments.css]
[docs.python.org/3/_static/pydocthemeb6de.css]
[docs.python.org/3/_static/pygments_dark.css]
[docs.python.org/3/_static/documentation_options.js]
[docs.python.org/3/_static/jquery.js]
[docs.python.org/3/_static/underscore.js]
[docs.python.org/3/_static/doctools.js]
[docs.python.org/3/_static/sidebar.js]
[docs.python.org/3/_static/opensearch.xml]
[docs.python.org/3/about.html]
[docs.python.org/3/genindex.html]
[docs.python.org/3/search.html]
[docs.python.org/3/copyright.html]
[docs.python.org/3/index-2.html]
[docs.python.org/3/_static/pydoctheme_dark.css]
[docs.python.org/3/_static/py.svg]
[docs.python.org/3/_static/copybutton.js]
[docs.python.org/3/_static/menu.js]
[docs.python.org/3/_static/search-focus.js]
[docs.python.org/3/_static/themetoggle.js]
[docs.python.org/3/download.html]
[docs.python.org/3/py-modindex.html]
[docs.python.org/3/whatsnew/3.12.html]
[docs.python.org/3/whatsnew/index.html]
[docs.python.org/3/tutorial/index.html]
[docs.python.org/3/library/index.html]
[docs.python.org/3/reference/index.html]
[docs.python.org/3/using/index.html]
[docs.python.org/3/howto/index.html]
[docs.python.org/3/installing/index.html]
[docs.python.org/3/distributing/index.html]
[docs.python.org/3/extending/index.html]
[docs.python.org/3/c-api/index.html]
[docs.python.org/3/faq/index.html]
[docs.python.org/3/glossary.html]
[docs.python.org/3/contents.html]
[docs.python.org/3/bugs.html]
[docs.python.org/3/license.html]
[docs.python.org/3/_static/switchers.js]
[docs.python.org/3/index.html]
[docs.python.org/3/_static/pygments.css]
[docs.python.org/3/_static/classic.css]
[docs.python.org/3/_static/pydocthemeb6de.css]
[docs.python.org/3/_static/pygments_dark.css]
[docs.python.org/3/_static/og-image.png]
[docs.python.org/3/about.html]
[docs.python.org/3/genindex-Symbols.html]
[docs.python.org/3/genindex-_.html]
[docs.python.org/3/genindex-A.html]
[docs.python.org/3/genindex-B.html]
[docs.python.org/3/genindex-C.html]
[docs.python.org/3/genindex-D.html]
[docs.python.org/3/genindex-E.html]
[docs.python.org/3/genindex-F.html]
[docs.python.org/3/genindex-G.html]
[docs.python.org/3/genindex-H.html]
[docs.python.org/3/genindex-I.html]
[docs.python.org/3/genindex-J.html]
[docs.python.org/3/genindex-K.html]
[docs.python.org/3/genindex-L.html]
[docs.python.org/3/genindex-M.html]
[docs.python.org/3/genindex-N.html]
[docs.python.org/3/genindex-O.html]
[docs.python.org/3/genindex-P.html]
[docs.python.org/3/genindex-Q.html]
[docs.python.org/3/genindex-R.html]
[docs.python.org/3/genindex-S.html]
[docs.python.org/3/genindex-T.html]
[docs.python.org/3/genindex-U.html]
[docs.python.org/3/genindex-V.html]
[docs.python.org/3/genindex-W.html]
[docs.python.org/3/genindex-X.html]
[docs.python.org/3/genindex-Y.html]
[docs.python.org/3/genindex-Z.html]
[docs.python.org/3/genindex.html]
[docs.python.org/3/genindex-all.html]
[docs.python.org/3/_static/searchtools.js]
[docs.python.org/3/_static/language_data.js]
[docs.python.org/3/search.html]
[docs.python.org/3/copyright.html]
[docs.python.org/3/index-2.html]
[docs.python.org/3/_static/pydoctheme_dark.css]
[docs.python.org/3/_static/py.svg]
[docs.python.org/3/searchindex.js]
[docs.python.org/3/archives/python-3.12.1-docs-pdf-letter.zip]
[docs.python.org/3/archives/python-3.12.1-docs-pdf-letter.tar.bz2]
[docs.python.org/3/archives/python-3.12.1-docs-pdf-a4.zip]
[docs.python.org/3/archives/python-3.12.1-docs-pdf-a4.tar.bz2]
[docs.python.org/3/archives/python-3.12.1-docs-html.zip]
[docs.python.org/3/archives/python-3.12.1-docs-html.tar.bz2]
[docs.python.org/3/archives/python-3.12.1-docs-text.zip]
[docs.python.org/3/archives/python-3.12.1-docs-text.tar.bz2]
[docs.python.org/3/archives/python-3.12.1-docs.epub]
[docs.python.org/3/download.html]
[docs.python.org/3/library/__future__.html]
[docs.python.org/3/library/__main__.html]
[docs.python.org/3/library/_thread.html]
[docs.python.org/3/library/tkinter.html]
[docs.python.org/3/library/abc.html]
[docs.python.org/3/library/aifc.html]
[docs.python.org/3/library/argparse.html]
[docs.python.org/3/library/array.html]
[docs.python.org/3/library/ast.html]
[docs.python.org/3/library/asyncio.html]
[docs.python.org/3/library/atexit.html]
[docs.python.org/3/library/audioop.html]
[docs.python.org/3/library/base64.html]
[docs.python.org/3/library/bdb.html]
[docs.python.org/3/library/binascii.html]
[docs.python.org/3/library/bisect.html]
[docs.python.org/3/library/builtins.html]
[docs.python.org/3/library/bz2.html]
[docs.python.org/3/library/calendar.html]
[docs.python.org/3/library/cgi.html]
[docs.python.org/3/library/cgitb.html]
[docs.python.org/3/library/chunk.html]
[docs.python.org/3/library/cmath.html]
[docs.python.org/3/library/cmd.html]
[docs.python.org/3/library/code.html]
[docs.python.org/3/library/codecs.html]
[docs.python.org/3/library/codeop.html]
[docs.python.org/3/_static/minus.png]
[docs.python.org/3/library/collections.html]
[docs.python.org/3/library/collections.abc.html]
[docs.python.org/3/library/colorsys.html]
[docs.python.org/3/library/compileall.html]
[docs.python.org/3/library/concurrent.futures.html]
[docs.python.org/3/library/configparser.html]
[docs.python.org/3/library/contextlib.html]
[docs.python.org/3/library/contextvars.html]
[docs.python.org/3/library/copy.html]
[docs.python.org/3/library/copyreg.html]
[docs.python.org/3/library/profile.html]
[docs.python.org/3/library/crypt.html]
[docs.python.org/3/library/csv.html]
[docs.python.org/3/library/ctypes.html]
[docs.python.org/3/library/curses.html]
[docs.python.org/3/library/curses.ascii.html]
[docs.python.org/3/library/curses.panel.html]
[docs.python.org/3/library/dataclasses.html]
[docs.python.org/3/library/datetime.html]
[docs.python.org/3/library/dbm.html]
[docs.python.org/3/library/decimal.html]
[docs.python.org/3/library/difflib.html]
[docs.python.org/3/library/dis.html]
[docs.python.org/3/library/doctest.html]
[docs.python.org/3/library/email.html]
[docs.python.org/3/library/email.charset.html]
[docs.python.org/3/library/email.contentmanager.html]
[docs.python.org/3/library/email.encoders.html]
[docs.python.org/3/library/email.errors.html]
[docs.python.org/3/library/email.generator.html]
[docs.python.org/3/library/email.header.html]
[docs.python.org/3/library/email.headerregistry.html]
[docs.python.org/3/library/email.iterators.html]
[docs.python.org/3/library/email.message.html]
[docs.python.org/3/library/email.mime.html]
[docs.python.org/3/library/email.parser.html]
[docs.python.org/3/library/email.policy.html]
[docs.python.org/3/library/email.utils.html]
[docs.python.org/3/library/ensurepip.html]
[docs.python.org/3/library/enum.html]
[docs.python.org/3/library/errno.html]
[docs.python.org/3/library/faulthandler.html]
[docs.python.org/3/library/fcntl.html]
[docs.python.org/3/library/filecmp.html]
[docs.python.org/3/library/fileinput.html]
[docs.python.org/3/library/fnmatch.html]
[docs.python.org/3/library/fractions.html]
[docs.python.org/3/library/ftplib.html]
[docs.python.org/3/library/functools.html]
[docs.python.org/3/library/gc.html]
[docs.python.org/3/library/getopt.html]
[docs.python.org/3/library/getpass.html]
[docs.python.org/3/library/gettext.html]
[docs.python.org/3/library/glob.html]
[docs.python.org/3/library/graphlib.html]
[docs.python.org/3/library/grp.html]
[docs.python.org/3/library/gzip.html]
[docs.python.org/3/library/hashlib.html]
[docs.python.org/3/library/heapq.html]
[docs.python.org/3/library/hmac.html]
[docs.python.org/3/library/html.html]
[docs.python.org/3/library/html.entities.html]
[docs.python.org/3/library/html.parser.html]
[docs.python.org/3/library/http.html]
[docs.python.org/3/library/http.client.html]
[docs.python.org/3/library/http.cookiejar.html]
[docs.python.org/3/library/http.cookies.html]
[docs.python.org/3/library/http.server.html]
[docs.python.org/3/library/idle.html]
[docs.python.org/3/library/imaplib.html]
[docs.python.org/3/library/imghdr.html]
[docs.python.org/3/library/importlib.html]
[docs.python.org/3/library/importlib.metadata.html]
[docs.python.org/3/library/importlib.resources.html]
[docs.python.org/3/library/importlib.resources.abc.html]
[docs.python.org/3/library/inspect.html]
[docs.python.org/3/library/io.html]
[docs.python.org/3/library/ipaddress.html]
[docs.python.org/3/library/itertools.html]
[docs.python.org/3/library/json.html]
[docs.python.org/3/library/keyword.html]
[docs.python.org/3/library/2to3.html]
[docs.python.org/3/library/linecache.html]
[docs.python.org/3/library/locale.html]
[docs.python.org/3/library/logging.html]
[docs.python.org/3/library/logging.config.html]
[docs.python.org/3/library/logging.handlers.html]
[docs.python.org/3/library/lzma.html]
[docs.python.org/3/library/mailbox.html]
[docs.python.org/3/library/mailcap.html]
[docs.python.org/3/library/marshal.html]
[docs.python.org/3/library/math.html]
[docs.python.org/3/library/mimetypes.html]
[docs.python.org/3/library/mmap.html]
[docs.python.org/3/library/modulefinder.html]
[docs.python.org/3/library/msilib.html]
[docs.python.org/3/library/msvcrt.html]
[docs.python.org/3/library/multiprocessing.html]
[docs.python.org/3/library/multiprocessing.shared_memory.html]
[docs.python.org/3/library/netrc.html]
[docs.python.org/3/library/nis.html]
[docs.python.org/3/library/nntplib.html]
[docs.python.org/3/library/numbers.html]
[docs.python.org/3/library/operator.html]
[docs.python.org/3/library/optparse.html]
[docs.python.org/3/library/os.html]
[docs.python.org/3/library/os.path.html]
[docs.python.org/3/library/ossaudiodev.html]
[docs.python.org/3/library/pathlib.html]
[docs.python.org/3/library/pdb.html]
[docs.python.org/3/library/pickle.html]
[docs.python.org/3/library/pickletools.html]
[docs.python.org/3/library/pipes.html]
[docs.python.org/3/library/pkgutil.html]
[docs.python.org/3/library/platform.html]
[docs.python.org/3/library/plistlib.html]
[docs.python.org/3/library/poplib.html]
[docs.python.org/3/library/posix.html]
[docs.python.org/3/library/pprint.html]
[docs.python.org/3/library/pty.html]
[docs.python.org/3/library/pwd.html]
[docs.python.org/3/library/py_compile.html]
[docs.python.org/3/library/pyclbr.html]
[docs.python.org/3/library/pydoc.html]
[docs.python.org/3/library/queue.html]
[docs.python.org/3/library/quopri.html]
[docs.python.org/3/library/random.html]
[docs.python.org/3/library/re.html]
[docs.python.org/3/library/readline.html]
[docs.python.org/3/library/reprlib.html]
[docs.python.org/3/library/resource.html]
[docs.python.org/3/library/rlcompleter.html]
[docs.python.org/3/library/runpy.html]
[docs.python.org/3/library/sched.html]
[docs.python.org/3/library/secrets.html]
[docs.python.org/3/library/select.html]
[docs.python.org/3/library/selectors.html]
[docs.python.org/3/library/shelve.html]
[docs.python.org/3/library/shlex.html]
[docs.python.org/3/library/shutil.html]
[docs.python.org/3/library/signal.html]
[docs.python.org/3/library/site.html]
[docs.python.org/3/library/smtplib.html]
[docs.python.org/3/library/sndhdr.html]
[docs.python.org/3/library/socket.html]
[docs.python.org/3/library/socketserver.html]
[docs.python.org/3/library/spwd.html]
[docs.python.org/3/library/sqlite3.html]
[docs.python.org/3/library/ssl.html]
[docs.python.org/3/library/stat.html]
[docs.python.org/3/library/statistics.html]
[docs.python.org/3/library/string.html]
[docs.python.org/3/library/stringprep.html]
[docs.python.org/3/library/struct.html]
[docs.python.org/3/library/subprocess.html]
[docs.python.org/3/library/sunau.html]
[docs.python.org/3/library/symtable.html]
[docs.python.org/3/library/sys.html]
[docs.python.org/3/library/sys.monitoring.html]
[docs.python.org/3/library/sysconfig.html]
[docs.python.org/3/library/syslog.html]
[docs.python.org/3/library/tabnanny.html]
[docs.python.org/3/library/tarfile.html]
[docs.python.org/3/library/telnetlib.html]
[docs.python.org/3/library/tempfile.html]
[docs.python.org/3/library/termios.html]
[docs.python.org/3/library/test.html]
[docs.python.org/3/library/textwrap.html]
[docs.python.org/3/library/threading.html]
[docs.python.org/3/library/time.html]
[docs.python.org/3/library/timeit.html]
[docs.python.org/3/library/tkinter.colorchooser.html]
[docs.python.org/3/library/dialog.html]
[docs.python.org/3/library/tkinter.dnd.html]
[docs.python.org/3/library/tkinter.font.html]
[docs.python.org/3/library/tkinter.messagebox.html]
[docs.python.org/3/library/tkinter.scrolledtext.html]
[docs.python.org/3/library/tkinter.tix.html]
[docs.python.org/3/library/tkinter.ttk.html]
[docs.python.org/3/library/token.html]
[docs.python.org/3/library/tokenize.html]
[docs.python.org/3/library/tomllib.html]
[docs.python.org/3/library/trace.html]
[docs.python.org/3/library/traceback.html]
[docs.python.org/3/library/tracemalloc.html]
[docs.python.org/3/library/tty.html]
[docs.python.org/3/library/turtle.html]
[docs.python.org/3/library/types.html]
[docs.python.org/3/library/typing.html]
[docs.python.org/3/library/unicodedata.html]
[docs.python.org/3/library/unittest.html]
[docs.python.org/3/library/unittest.mock.html]
[docs.python.org/3/library/urllib.html]
[docs.python.org/3/library/urllib.error.html]
[docs.python.org/3/library/urllib.parse.html]
[docs.python.org/3/library/urllib.request.html]
[docs.python.org/3/library/urllib.robotparser.html]
[docs.python.org/3/library/uu.html]
[docs.python.org/3/library/uuid.html]
[docs.python.org/3/library/venv.html]
[docs.python.org/3/library/warnings.html]
[docs.python.org/3/library/wave.html]
[docs.python.org/3/library/weakref.html]
[docs.python.org/3/library/webbrowser.html]
[docs.python.org/3/library/winreg.html]
[docs.python.org/3/library/winsound.html]
[docs.python.org/3/library/wsgiref.html]
[docs.python.org/3/library/xdrlib.html]
[docs.python.org/3/library/xml.html]
[docs.python.org/3/library/xml.dom.html]
[docs.python.org/3/library/xml.dom.minidom.html]
[docs.python.org/3/library/xml.dom.pulldom.html]
[docs.python.org/3/library/xml.etree.elementtree.html]
[docs.python.org/3/library/pyexpat.html]
[docs.python.org/3/library/xml.sax.html]
[docs.python.org/3/library/xml.sax.handler.html]
[docs.python.org/3/library/xml.sax.utils.html]
[docs.python.org/3/library/xml.sax.reader.html]
[docs.python.org/3/library/xmlrpc.client.html]
[docs.python.org/3/library/xmlrpc.server.html]
[docs.python.org/3/library/zipapp.html]
[docs.python.org/3/library/zipfile.html]
[docs.python.org/3/library/zipimport.html]
[docs.python.org/3/library/zlib.html]
[docs.python.org/3/py-modindex.html]
[docs.python.org/3/library/zoneinfo.html]
[docs.python.org/3/whatsnew/3.11.html]
[docs.python.org/3/reference/simple_stmts.html]
[docs.python.org/3/whatsnew/changelog.html]
[docs.python.org/3/library/exceptions.html]
[docs.python.org/3/c-api/buffer.html]
[docs.python.org/3/library/functions.html]
[docs.python.org/3/howto/perf_profiling.html]
[docs.python.org/3/library/stdtypes.html]
[docs.python.org/3/reference/compound_stmts.html]
[docs.python.org/3/reference/executionmodel.html]
[docs.python.org/3/reference/lexical_analysis.html]
[docs.python.org/3/c-api/init.html]
[docs.python.org/3/reference/datamodel.html]
[docs.python.org/3/c-api/exceptions.html]
[docs.python.org/3/using/cmdline.html]
[docs.python.org/3/library/asyncio-task.html]
[docs.python.org/3/library/asyncio-policy.html]
[docs.python.org/3/library/asyncio-runner.html]
[docs.python.org/3/library/asyncio-eventloop.html]
[docs.python.org/3/reference/expressions.html]
[docs.python.org/3/c-api/stable.html]
[docs.python.org/3/c-api/type.html]
[docs.python.org/3/c-api/object.html]
[docs.python.org/3/c-api/typeobj.html]
[docs.python.org/3/c-api/structures.html]
[docs.python.org/3/c-api/call.html]
[docs.python.org/3/c-api/function.html]
[docs.python.org/3/c-api/dict.html]
[docs.python.org/3/c-api/code.html]
[docs.python.org/3/c-api/frame.html]
[docs.python.org/3/c-api/refcounting.html]
[docs.python.org/3/c-api/arg.html]
[docs.python.org/3/c-api/unicode.html]
[docs.python.org/3/c-api/weakref.html]
[docs.python.org/3/c-api/veryhigh.html]
[docs.python.org/3/c-api/long.html]
[docs.python.org/3/c-api/memory.html]
[docs.python.org/3/c-api/init_config.html]
[docs.python.org/3/c-api/import.html]
[docs.python.org/3/c-api/sys.html]
[docs.python.org/3/c-api/module.html]
[docs.python.org/3/c-api/slice.html]
[docs.python.org/3/whatsnew/3.12.html]
[docs.python.org/3/c-api/codec.html]
[docs.python.org/3/whatsnew/3.10.html]
[docs.python.org/3/whatsnew/3.9.html]
[docs.python.org/3/whatsnew/3.8.html]
[docs.python.org/3/whatsnew/3.7.html]
[docs.python.org/3/whatsnew/3.6.html]
[docs.python.org/3/whatsnew/3.5.html]
[docs.python.org/3/whatsnew/3.4.html]
[docs.python.org/3/whatsnew/3.3.html]
[docs.python.org/3/whatsnew/3.2.html]
[docs.python.org/3/whatsnew/3.1.html]
[docs.python.org/3/whatsnew/3.0.html]
[docs.python.org/3/whatsnew/2.7.html]
[docs.python.org/3/whatsnew/2.6.html]
[docs.python.org/3/whatsnew/2.5.html]
[docs.python.org/3/whatsnew/2.4.html]
[docs.python.org/3/whatsnew/2.3.html]
[docs.python.org/3/whatsnew/2.2.html]
[docs.python.org/3/whatsnew/2.1.html]
[docs.python.org/3/whatsnew/2.0.html]
[docs.python.org/3/whatsnew/index.html]
[docs.python.org/3/tutorial/appetite.html]
[docs.python.org/3/tutorial/interpreter.html]
[docs.python.org/3/tutorial/introduction.html]
[docs.python.org/3/tutorial/controlflow.html]
[docs.python.org/3/tutorial/datastructures.html]
[docs.python.org/3/tutorial/modules.html]
[docs.python.org/3/tutorial/inputoutput.html]
[docs.python.org/3/tutorial/errors.html]
[docs.python.org/3/tutorial/classes.html]
[docs.python.org/3/tutorial/stdlib.html]
[docs.python.org/3/tutorial/stdlib2.html]
[docs.python.org/3/tutorial/venv.html]
[docs.python.org/3/tutorial/whatnow.html]
[docs.python.org/3/tutorial/interactive.html]
[docs.python.org/3/tutorial/floatingpoint.html]
[docs.python.org/3/tutorial/appendix.html]
[docs.python.org/3/tutorial/index.html]
[docs.python.org/3/library/intro.html]
[docs.python.org/3/reference/grammar.html]
[docs.python.org/3/library/constants.html]
[docs.python.org/3/library/text.html]
[docs.python.org/3/library/binary.html]
[docs.python.org/3/library/datatypes.html]
[docs.python.org/3/library/numeric.html]
[docs.python.org/3/library/functional.html]
[docs.python.org/3/library/filesys.html]
[docs.python.org/3/library/persistence.html]
[docs.python.org/3/library/archiving.html]
[docs.python.org/3/library/fileformats.html]
[docs.python.org/3/library/crypto.html]
[docs.python.org/3/library/allos.html]
[docs.python.org/3/library/concurrency.html]
[docs.python.org/3/library/concurrent.html]
[docs.python.org/3/library/ipc.html]
[docs.python.org/3/library/netdata.html]
[docs.python.org/3/library/markup.html]
[docs.python.org/3/library/internet.html]
[docs.python.org/3/library/xmlrpc.html]
[docs.python.org/3/library/mm.html]
[docs.python.org/3/library/i18n.html]
[docs.python.org/3/library/frameworks.html]
[docs.python.org/3/library/tk.html]
[docs.python.org/3/library/development.html]
[docs.python.org/3/library/devmode.html]
[docs.python.org/3/library/unittest.mock-examples.html]
[docs.python.org/3/library/debug.html]
[docs.python.org/3/library/audit_events.html]
[docs.python.org/3/library/distribution.html]
[docs.python.org/3/library/python.html]
[docs.python.org/3/library/custominterp.html]
[docs.python.org/3/library/modules.html]
[docs.python.org/3/library/sys_path_init.html]
[docs.python.org/3/library/language.html]
[docs.python.org/3/library/windows.html]
[docs.python.org/3/library/unix.html]
[docs.python.org/3/library/cmdline.html]
[docs.python.org/3/library/superseded.html]
[docs.python.org/3/library/security_warnings.html]
[docs.python.org/3/library/index.html]
[docs.python.org/3/reference/introduction.html]
[docs.python.org/3/using/editors.html]
[docs.python.org/3/reference/import.html]
[docs.python.org/3/reference/toplevel_components.html]
[docs.python.org/3/reference/index.html]
[docs.python.org/3/using/unix.html]
[docs.python.org/3/using/configure.html]
[docs.python.org/3/using/windows.html]
[docs.python.org/3/using/mac.html]
[docs.python.org/3/using/index.html]
[docs.python.org/3/howto/pyporting.html]
[docs.python.org/3/howto/cporting.html]
[docs.python.org/3/howto/curses.html]
[docs.python.org/3/howto/descriptor.html]
[docs.python.org/3/howto/enum.html]
[docs.python.org/3/howto/functional.html]
[docs.python.org/3/howto/logging.html]
[docs.python.org/3/howto/logging-cookbook.html]
[docs.python.org/3/howto/regex.html]
[docs.python.org/3/howto/sockets.html]
[docs.python.org/3/howto/sorting.html]
[docs.python.org/3/howto/unicode.html]
[docs.python.org/3/howto/urllib2.html]
[docs.python.org/3/howto/argparse.html]
[docs.python.org/3/howto/ipaddress.html]
[docs.python.org/3/howto/instrumentation.html]
[docs.python.org/3/howto/annotations.html]
[docs.python.org/3/howto/isolating-extensions.html]
[docs.python.org/3/howto/index.html]
[docs.python.org/3/c-api/apiabiversion.html]
[docs.python.org/3/installing/index.html]
[docs.python.org/3/distributing/index.html]
[docs.python.org/3/extending/extending.html]
[docs.python.org/3/extending/newtypes_tutorial.html]
[docs.python.org/3/extending/newtypes.html]
[docs.python.org/3/extending/building.html]
[docs.python.org/3/extending/windows.html]
[docs.python.org/3/extending/index.html]
[docs.python.org/3/extending/embedding.html]
[docs.python.org/3/c-api/intro.html]
[docs.python.org/3/c-api/utilities.html]
[docs.python.org/3/c-api/marshal.html]
[docs.python.org/3/c-api/conversion.html]
[docs.python.org/3/c-api/reflection.html]
[docs.python.org/3/c-api/perfmaps.html]
[docs.python.org/3/c-api/abstract.html]
[docs.python.org/3/c-api/number.html]
[docs.python.org/3/c-api/sequence.html]
[docs.python.org/3/c-api/mapping.html]
[docs.python.org/3/c-api/iter.html]
[docs.python.org/3/c-api/objbuffer.html]
[docs.python.org/3/c-api/concrete.html]
[docs.python.org/3/c-api/objimpl.html]
[docs.python.org/3/c-api/allocation.html]
[docs.python.org/3/c-api/gcsupport.html]
[docs.python.org/3/c-api/index.html]
[docs.python.org/3/faq/general.html]
[docs.python.org/3/faq/programming.html]
[docs.python.org/3/faq/design.html]
[docs.python.org/3/faq/library.html]
[docs.python.org/3/faq/extending.html]
[docs.python.org/3/faq/windows.html]
[docs.python.org/3/faq/gui.html]
[docs.python.org/3/faq/index.html]
[docs.python.org/3/faq/installed.html]
[docs.python.org/3/glossary.html]
[docs.python.org/3/library/asyncio-stream.html]
[docs.python.org/3/library/asyncio-sync.html]
[docs.python.org/3/library/asyncio-subprocess.html]
[docs.python.org/3/library/asyncio-queue.html]
[docs.python.org/3/library/asyncio-exceptions.html]
[docs.python.org/3/library/asyncio-future.html]
[docs.python.org/3/library/asyncio-protocol.html]
[docs.python.org/3/library/asyncio-platforms.html]
[docs.python.org/3/library/asyncio-extending.html]
[docs.python.org/3/library/asyncio-api-index.html]
[docs.python.org/3/library/asyncio-llapi-index.html]
[docs.python.org/3/library/asyncio-dev.html]
[docs.python.org/3/library/email.examples.html]
[docs.python.org/3/library/email.compat32-message.html]
[docs.python.org/3/c-api/none.html]
[docs.python.org/3/c-api/bool.html]
[docs.python.org/3/c-api/float.html]
[docs.python.org/3/c-api/complex.html]
[docs.python.org/3/c-api/bytes.html]
[docs.python.org/3/c-api/bytearray.html]
[docs.python.org/3/c-api/tuple.html]
[docs.python.org/3/c-api/list.html]
[docs.python.org/3/c-api/set.html]
[docs.python.org/3/c-api/method.html]
[docs.python.org/3/c-api/cell.html]
[docs.python.org/3/c-api/file.html]
[docs.python.org/3/c-api/iterator.html]
[docs.python.org/3/c-api/descriptor.html]
[docs.python.org/3/c-api/memoryview.html]
[docs.python.org/3/c-api/capsule.html]
[docs.python.org/3/c-api/gen.html]
[docs.python.org/3/c-api/coro.html]
[docs.python.org/3/c-api/contextvars.html]
[docs.python.org/3/c-api/datetime.html]
[docs.python.org/3/c-api/typehints.html]
[docs.python.org/3/contents.html]
[docs.python.org/3/bugs.html]
[docs.python.org/3/license.html]
[docs.python.org/3/_static/basic.css]
[docs.python.org/3/_static/classic.css]
[docs.python.org/3/genindex-Symbols.html]
[docs.python.org/3/genindex-_.html]
[docs.python.org/3/genindex-A.html]
[docs.python.org/3/genindex-B.html]
[docs.python.org/3/genindex-C.html]
[docs.python.org/3/genindex-D.html]
[docs.python.org/3/genindex-E.html]
[docs.python.org/3/genindex-F.html]
[docs.python.org/3/genindex-G.html]
[docs.python.org/3/genindex-H.html]
[docs.python.org/3/genindex-I.html]
[docs.python.org/3/genindex-J.html]
[docs.python.org/3/genindex-K.html]
[docs.python.org/3/genindex-L.html]
[docs.python.org/3/genindex-M.html]
[docs.python.org/3/genindex-N.html]
[docs.python.org/3/genindex-O.html]
[docs.python.org/3/genindex-P.html]
[docs.python.org/3/genindex-Q.html]
[docs.python.org/3/genindex-R.html]
[docs.python.org/3/genindex-S.html]
[docs.python.org/3/genindex-T.html]
[docs.python.org/3/genindex-U.html]
[docs.python.org/3/genindex-V.html]
[docs.python.org/3/genindex-W.html]
[docs.python.org/3/genindex-X.html]
[docs.python.org/3/genindex-Y.html]
[docs.python.org/3/genindex-Z.html]
[docs.python.org/3/genindex-all.html]
[docs.python.org/3/library/__future__.html]
[docs.python.org/3/library/__main__.html]
[docs.python.org/3/library/_thread.html]
[docs.python.org/3/library/tkinter.html]
[docs.python.org/3/library/abc.html]
[docs.python.org/3/library/aifc.html]
[docs.python.org/3/library/argparse.html]
[docs.python.org/3/library/array.html]
[docs.python.org/3/library/ast.html]
[docs.python.org/3/library/asyncio.html]
[docs.python.org/3/library/atexit.html]
[docs.python.org/3/library/audioop.html]
[docs.python.org/3/library/base64.html]
[docs.python.org/3/library/bdb.html]
[docs.python.org/3/library/binascii.html]
[docs.python.org/3/library/bisect.html]
[docs.python.org/3/library/builtins.html]
[docs.python.org/3/library/bz2.html]
[docs.python.org/3/library/calendar.html]
[docs.python.org/3/library/cgi.html]
[docs.python.org/3/library/cgitb.html]
[docs.python.org/3/library/chunk.html]
[docs.python.org/3/library/cmath.html]
[docs.python.org/3/library/cmd.html]
[docs.python.org/3/library/code.html]
[docs.python.org/3/library/codecs.html]
[docs.python.org/3/library/codeop.html]
[docs.python.org/3/library/collections.html]
[docs.python.org/3/library/collections.abc.html]
[docs.python.org/3/library/colorsys.html]
[docs.python.org/3/library/compileall.html]
[docs.python.org/3/library/concurrent.futures.html]
[docs.python.org/3/library/configparser.html]
[docs.python.org/3/library/contextlib.html]
[docs.python.org/3/library/contextvars.html]
[docs.python.org/3/library/copy.html]
[docs.python.org/3/library/copyreg.html]
[docs.python.org/3/library/profile.html]
[docs.python.org/3/library/crypt.html]
[docs.python.org/3/library/csv.html]
[docs.python.org/3/library/ctypes.html]
[docs.python.org/3/library/curses.html]
[docs.python.org/3/library/curses.ascii.html]
[docs.python.org/3/library/curses.panel.html]
[docs.python.org/3/library/dataclasses.html]
[docs.python.org/3/_downloads/6dc1f3f4f0e6ca13cb42ddf4d6cbc8af/tzinfo_examples.py]
[docs.python.org/3/library/datetime.html]
[docs.python.org/3/library/dbm.html]
[docs.python.org/3/library/decimal.html]
[docs.python.org/3/library/difflib.html]
[docs.python.org/3/library/dis.html]
[docs.python.org/3/library/doctest.html]
[docs.python.org/3/library/email.html]
[docs.python.org/3/library/email.charset.html]
[docs.python.org/3/library/email.contentmanager.html]
[docs.python.org/3/library/email.encoders.html]
[docs.python.org/3/library/email.errors.html]
[docs.python.org/3/library/email.generator.html]
[docs.python.org/3/library/email.header.html]
[docs.python.org/3/library/email.headerregistry.html]
[docs.python.org/3/library/email.iterators.html]
[docs.python.org/3/library/email.message.html]
[docs.python.org/3/library/email.mime.html]
[docs.python.org/3/library/email.parser.html]
[docs.python.org/3/library/email.policy.html]
[docs.python.org/3/library/email.utils.html]
[docs.python.org/3/library/ensurepip.html]
[docs.python.org/3/library/enum.html]
[docs.python.org/3/library/errno.html]
[docs.python.org/3/library/faulthandler.html]
[docs.python.org/3/library/fcntl.html]
[docs.python.org/3/library/filecmp.html]
[docs.python.org/3/library/fileinput.html]
[docs.python.org/3/library/fnmatch.html]
[docs.python.org/3/library/fractions.html]
[docs.python.org/3/library/ftplib.html]
[docs.python.org/3/library/functools.html]
[docs.python.org/3/library/gc.html]
[docs.python.org/3/library/getopt.html]
[docs.python.org/3/library/getpass.html]
[docs.python.org/3/library/gettext.html]
[docs.python.org/3/library/glob.html]
[docs.python.org/3/library/graphlib.html]
[docs.python.org/3/library/grp.html]
[docs.python.org/3/library/gzip.html]
[docs.python.org/3/_images/hashlib-blake2-tree.png]
[docs.python.org/3/library/hashlib.html]
[docs.python.org/3/library/heapq.html]
[docs.python.org/3/library/hmac.html]
[docs.python.org/3/library/html.html]
[docs.python.org/3/library/html.entities.html]
[docs.python.org/3/library/html.parser.html]
[docs.python.org/3/library/http.html]
[docs.python.org/3/library/http.client.html]
[docs.python.org/3/library/http.cookiejar.html]
[docs.python.org/3/library/http.cookies.html]
[docs.python.org/3/library/http.server.html]
[docs.python.org/3/library/idle.html]
[docs.python.org/3/library/imaplib.html]
[docs.python.org/3/library/imghdr.html]
[docs.python.org/3/library/importlib.html]
[docs.python.org/3/library/importlib.metadata.html]
[docs.python.org/3/library/importlib.resources.html]
[docs.python.org/3/library/importlib.resources.abc.html]
[docs.python.org/3/library/inspect.html]
[docs.python.org/3/library/io.html]
[docs.python.org/3/library/ipaddress.html]
[docs.python.org/3/library/itertools.html]
[docs.python.org/3/library/json.html]
[docs.python.org/3/library/keyword.html]
[docs.python.org/3/library/2to3.html]
[docs.python.org/3/library/linecache.html]
[docs.python.org/3/library/locale.html]
[docs.python.org/3/library/logging.html]
[docs.python.org/3/library/logging.config.html]
[docs.python.org/3/library/logging.handlers.html]
[docs.python.org/3/library/lzma.html]
[docs.python.org/3/library/mailbox.html]
[docs.python.org/3/library/mailcap.html]
[docs.python.org/3/library/marshal.html]
[docs.python.org/3/library/math.html]
[docs.python.org/3/library/mimetypes.html]
[docs.python.org/3/library/mmap.html]
[docs.python.org/3/library/modulefinder.html]
[docs.python.org/3/library/msilib.html]
[docs.python.org/3/library/msvcrt.html]
[docs.python.org/3/library/multiprocessing.html]
[docs.python.org/3/library/multiprocessing.shared_memory.html]
[docs.python.org/3/library/netrc.html]
[docs.python.org/3/library/nis.html]
[docs.python.org/3/library/nntplib.html]
[docs.python.org/3/library/numbers.html]
[docs.python.org/3/library/operator.html]
[docs.python.org/3/library/optparse.html]
[docs.python.org/3/library/os.html]
[docs.python.org/3/library/os.path.html]
[docs.python.org/3/library/ossaudiodev.html]
[docs.python.org/3/_images/pathlib-inheritance.png]
[docs.python.org/3/library/pathlib.html]
[docs.python.org/3/library/pdb.html]
[docs.python.org/3/library/pickle.html]
[docs.python.org/3/library/pickletools.html]
[docs.python.org/3/library/pipes.html]
[docs.python.org/3/library/pkgutil.html]
[docs.python.org/3/library/platform.html]
[docs.python.org/3/library/plistlib.html]
[docs.python.org/3/library/poplib.html]
[docs.python.org/3/library/posix.html]
[docs.python.org/3/library/pprint.html]
[docs.python.org/3/library/pty.html]
[docs.python.org/3/library/pwd.html]
[docs.python.org/3/library/py_compile.html]
[docs.python.org/3/library/pyclbr.html]
[docs.python.org/3/library/pydoc.html]
[docs.python.org/3/library/queue.html]
[docs.python.org/3/library/quopri.html]
[docs.python.org/3/library/random.html]
[docs.python.org/3/library/re.html]
[docs.python.org/3/library/readline.html]
[docs.python.org/3/library/reprlib.html]
[docs.python.org/3/library/resource.html]
[docs.python.org/3/library/rlcompleter.html]
[docs.python.org/3/library/runpy.html]
[docs.python.org/3/library/sched.html]
[docs.python.org/3/library/secrets.html]
[docs.python.org/3/library/select.html]
[docs.python.org/3/library/selectors.html]
[docs.python.org/3/library/shelve.html]
[docs.python.org/3/library/shlex.html]
[docs.python.org/3/library/shutil.html]
[docs.python.org/3/library/signal.html]
[docs.python.org/3/library/site.html]
[docs.python.org/3/library/smtplib.html]
[docs.python.org/3/library/sndhdr.html]
[docs.python.org/3/library/socket.html]
[docs.python.org/3/library/socketserver.html]
[docs.python.org/3/library/spwd.html]
[docs.python.org/3/library/sqlite3.html]
[docs.python.org/3/library/ssl.html]
[docs.python.org/3/library/stat.html]
[docs.python.org/3/_images/kde_example.png]
[docs.python.org/3/library/statistics.html]
[docs.python.org/3/library/string.html]
[docs.python.org/3/library/stringprep.html]
[docs.python.org/3/library/struct.html]
[docs.python.org/3/library/subprocess.html]
[docs.python.org/3/library/sunau.html]
[docs.python.org/3/library/symtable.html]
[docs.python.org/3/library/sys.html]
[docs.python.org/3/library/sys.monitoring.html]
[docs.python.org/3/library/sysconfig.html]
[docs.python.org/3/library/syslog.html]
[docs.python.org/3/library/tabnanny.html]
[docs.python.org/3/library/tarfile.html]
[docs.python.org/3/library/telnetlib.html]
[docs.python.org/3/library/tempfile.html]
[docs.python.org/3/library/termios.html]
[docs.python.org/3/library/test.html]
[docs.python.org/3/library/textwrap.html]
[docs.python.org/3/library/threading.html]
[docs.python.org/3/library/time.html]
[docs.python.org/3/library/timeit.html]
[docs.python.org/3/library/tkinter.colorchooser.html]
[docs.python.org/3/library/dialog.html]
[docs.python.org/3/library/tkinter.dnd.html]
[docs.python.org/3/library/tkinter.font.html]
[docs.python.org/3/_images/tk_msg.png]
[docs.python.org/3/library/tkinter.messagebox.html]
[docs.python.org/3/library/tkinter.scrolledtext.html]
[docs.python.org/3/library/tkinter.tix.html]
[docs.python.org/3/library/tkinter.ttk.html]
[docs.python.org/3/library/token.html]
[docs.python.org/3/library/tokenize.html]
[docs.python.org/3/library/tomllib.html]
[docs.python.org/3/library/trace.html]
[docs.python.org/3/library/traceback.html]
[docs.python.org/3/library/tracemalloc.html]
[docs.python.org/3/library/tty.html]
[docs.python.org/3/_images/turtle-star.png]
[docs.python.org/3/library/turtle.html]
[docs.python.org/3/library/types.html]
[docs.python.org/3/library/typing.html]
[docs.python.org/3/library/unicodedata.html]
[docs.python.org/3/library/unittest.html]
[docs.python.org/3/library/unittest.mock.html]
[docs.python.org/3/library/urllib.html]
[docs.python.org/3/library/urllib.error.html]
[docs.python.org/3/library/urllib.parse.html]
[docs.python.org/3/library/urllib.request.html]
[docs.python.org/3/library/urllib.robotparser.html]
[docs.python.org/3/library/uu.html]
[docs.python.org/3/library/uuid.html]
[docs.python.org/3/library/venv.html]
[docs.python.org/3/library/warnings.html]
[docs.python.org/3/library/wave.html]
[docs.python.org/3/library/weakref.html]
[docs.python.org/3/library/webbrowser.html]
[docs.python.org/3/library/winreg.html]
[docs.python.org/3/library/winsound.html]
[docs.python.org/3/library/wsgiref.html]
[docs.python.org/3/library/xdrlib.html]
[docs.python.org/3/library/xml.html]
[docs.python.org/3/library/xml.dom.html]
[docs.python.org/3/library/xml.dom.minidom.html]
[docs.python.org/3/library/xml.dom.pulldom.html]
[docs.python.org/3/library/xml.etree.elementtree.html]
[docs.python.org/3/library/pyexpat.html]
[docs.python.org/3/library/xml.sax.html]
[docs.python.org/3/library/xml.sax.handler.html]
[docs.python.org/3/library/xml.sax.utils.html]
[docs.python.org/3/library/xml.sax.reader.html]
[docs.python.org/3/library/xmlrpc.client.html]
[docs.python.org/3/library/xmlrpc.server.html]
[docs.python.org/3/library/zipapp.html]
[docs.python.org/3/library/zipfile.html]
[docs.python.org/3/library/zipimport.html]
[docs.python.org/3/library/zlib.html]
[docs.python.org/3/library/zoneinfo.html]
[docs.python.org/3/whatsnew/3.11.html]
[docs.python.org/3/_static/changelog_search.js]
[docs.python.org/3/whatsnew/changelog.html]
[docs.python.org/3/reference/simple_stmts.html]
[docs.python.org/3/library/exceptions.html]
[docs.python.org/3/c-api/buffer.html]
[docs.python.org/3/library/functions.html]
[docs.python.org/3/howto/perf_profiling.html]
[docs.python.org/3/library/stdtypes.html]
[docs.python.org/3/reference/compound_stmts.html]
[docs.python.org/3/reference/executionmodel.html]
[docs.python.org/3/reference/lexical_analysis.html]
[docs.python.org/3/c-api/init.html]
[docs.python.org/3/reference/datamodel.html]
[docs.python.org/3/c-api/exceptions.html]
[docs.python.org/3/using/cmdline.html]
[docs.python.org/3/library/asyncio-task.html]
[docs.python.org/3/library/asyncio-policy.html]
[docs.python.org/3/library/asyncio-runner.html]
[docs.python.org/3/library/asyncio-eventloop.html]
[docs.python.org/3/reference/expressions.html]
[docs.python.org/3/c-api/stable.html]
[docs.python.org/3/c-api/type.html]
[docs.python.org/3/c-api/object.html]
[docs.python.org/3/c-api/typeobj.html]
[docs.python.org/3/c-api/structures.html]
[docs.python.org/3/c-api/call.html]
[docs.python.org/3/c-api/function.html]
[docs.python.org/3/c-api/dict.html]
[docs.python.org/3/c-api/code.html]
[docs.python.org/3/c-api/frame.html]
[docs.python.org/3/c-api/refcounting.html]
[docs.python.org/3/c-api/arg.html]
[docs.python.org/3/c-api/unicode.html]
[docs.python.org/3/c-api/weakref.html]
[docs.python.org/3/c-api/veryhigh.html]
[docs.python.org/3/c-api/long.html]
[docs.python.org/3/c-api/memory.html]
[docs.python.org/3/c-api/init_config.html]
[docs.python.org/3/c-api/import.html]
[docs.python.org/3/c-api/sys.html]
[docs.python.org/3/c-api/module.html]
[docs.python.org/3/c-api/slice.html]
[docs.python.org/3/c-api/codec.html]
[docs.python.org/3/whatsnew/3.10.html]
[docs.python.org/3/whatsnew/3.9.html]
[docs.python.org/3/whatsnew/3.8.html]
[docs.python.org/3/whatsnew/3.7.html]
[docs.python.org/3/whatsnew/3.6.html]
[docs.python.org/3/whatsnew/3.5.html]
[docs.python.org/3/whatsnew/3.4.html]
[docs.python.org/3/whatsnew/3.3.html]
[docs.python.org/3/whatsnew/3.2.html]
[docs.python.org/3/whatsnew/3.1.html]
[docs.python.org/3/whatsnew/3.0.html]
[docs.python.org/3/whatsnew/2.7.html]
[docs.python.org/3/whatsnew/2.6.html]
[docs.python.org/3/whatsnew/2.5.html]
[docs.python.org/3/whatsnew/2.4.html]
[docs.python.org/3/whatsnew/2.3.html]
[docs.python.org/3/whatsnew/2.2.html]
[docs.python.org/3/whatsnew/2.1.html]
[docs.python.org/3/whatsnew/2.0.html]
[docs.python.org/3/tutorial/appetite.html]
[docs.python.org/3/tutorial/interpreter.html]
[docs.python.org/3/tutorial/introduction.html]
[docs.python.org/3/tutorial/controlflow.html]
[docs.python.org/3/tutorial/datastructures.html]
[docs.python.org/3/tutorial/modules.html]
[docs.python.org/3/tutorial/inputoutput.html]
[docs.python.org/3/tutorial/errors.html]
[docs.python.org/3/tutorial/classes.html]
[docs.python.org/3/tutorial/stdlib.html]
[docs.python.org/3/tutorial/stdlib2.html]
[docs.python.org/3/tutorial/venv.html]
[docs.python.org/3/tutorial/whatnow.html]
[docs.python.org/3/tutorial/interactive.html]
[docs.python.org/3/tutorial/floatingpoint.html]
[docs.python.org/3/tutorial/appendix.html]
[docs.python.org/3/library/intro.html]
[docs.python.org/3/reference/grammar.html]
[docs.python.org/3/library/constants.html]
[docs.python.org/3/library/text.html]
[docs.python.org/3/library/binary.html]
[docs.python.org/3/library/datatypes.html]
[docs.python.org/3/library/numeric.html]
[docs.python.org/3/library/functional.html]
[docs.python.org/3/library/filesys.html]
[docs.python.org/3/library/persistence.html]
[docs.python.org/3/library/archiving.html]
[docs.python.org/3/library/fileformats.html]
[docs.python.org/3/library/crypto.html]
[docs.python.org/3/library/allos.html]
[docs.python.org/3/library/concurrency.html]
[docs.python.org/3/library/concurrent.html]
[docs.python.org/3/library/ipc.html]
[docs.python.org/3/library/netdata.html]
[docs.python.org/3/library/markup.html]
[docs.python.org/3/library/internet.html]
[docs.python.org/3/library/xmlrpc.html]
[docs.python.org/3/library/mm.html]
[docs.python.org/3/library/i18n.html]
[docs.python.org/3/library/frameworks.html]
[docs.python.org/3/library/tk.html]
[docs.python.org/3/library/development.html]
[docs.python.org/3/library/devmode.html]
[docs.python.org/3/library/unittest.mock-examples.html]
[docs.python.org/3/library/debug.html]
[docs.python.org/3/library/audit_events.html]
[docs.python.org/3/library/distribution.html]
[docs.python.org/3/library/python.html]
[docs.python.org/3/library/custominterp.html]
[docs.python.org/3/library/modules.html]
[docs.python.org/3/library/sys_path_init.html]
[docs.python.org/3/library/language.html]
[docs.python.org/3/library/windows.html]
[docs.python.org/3/library/unix.html]
[docs.python.org/3/library/cmdline.html]
[docs.python.org/3/library/superseded.html]
[docs.python.org/3/library/security_warnings.html]
[docs.python.org/3/reference/introduction.html]
[docs.python.org/3/using/editors.html]
[docs.python.org/3/reference/import.html]
[docs.python.org/3/reference/toplevel_components.html]
[docs.python.org/3/using/unix.html]
[docs.python.org/3/using/configure.html]
[docs.python.org/3/_images/win_installer.png]
[docs.python.org/3/using/windows.html]
[docs.python.org/3/using/mac.html]
[docs.python.org/3/howto/pyporting.html]
[docs.python.org/3/howto/cporting.html]
[docs.python.org/3/howto/curses.html]
[docs.python.org/3/howto/descriptor.html]
[docs.python.org/3/howto/enum.html]
[docs.python.org/3/howto/functional.html]
[docs.python.org/3/_images/logging_flow.png]
[docs.python.org/3/howto/logging.html]
[docs.python.org/3/howto/logging-cookbook.html]
[docs.python.org/3/howto/regex.html]
[docs.python.org/3/howto/sockets.html]
[docs.python.org/3/howto/sorting.html]
[docs.python.org/3/howto/unicode.html]
[docs.python.org/3/howto/urllib2.html]
[docs.python.org/3/howto/argparse.html]
[docs.python.org/3/howto/ipaddress.html]
[docs.python.org/3/howto/instrumentation.html]
[docs.python.org/3/howto/annotations.html]
[docs.python.org/3/howto/isolating-extensions.html]
[docs.python.org/3/c-api/apiabiversion.html]
[docs.python.org/3/extending/extending.html]
[docs.python.org/3/extending/newtypes_tutorial.html]
[docs.python.org/3/extending/newtypes.html]
[docs.python.org/3/extending/building.html]
[docs.python.org/3/extending/windows.html]
[docs.python.org/3/extending/embedding.html]
[docs.python.org/3/c-api/intro.html]
[docs.python.org/3/c-api/utilities.html]
[docs.python.org/3/c-api/marshal.html]
[docs.python.org/3/c-api/conversion.html]
[docs.python.org/3/c-api/reflection.html]
[docs.python.org/3/c-api/perfmaps.html]
[docs.python.org/3/c-api/abstract.html]
[docs.python.org/3/c-api/number.html]
[docs.python.org/3/c-api/sequence.html]
[docs.python.org/3/c-api/mapping.html]
[docs.python.org/3/c-api/iter.html]
[docs.python.org/3/c-api/objbuffer.html]
[docs.python.org/3/c-api/concrete.html]
[docs.python.org/3/c-api/objimpl.html]
[docs.python.org/3/c-api/allocation.html]
[docs.python.org/3/c-api/gcsupport.html]
[docs.python.org/3/faq/general.html]
[docs.python.org/3/faq/programming.html]
[docs.python.org/3/faq/design.html]
[docs.python.org/3/faq/library.html]
[docs.python.org/3/faq/extending.html]
[docs.python.org/3/faq/windows.html]
[docs.python.org/3/faq/gui.html]
[docs.python.org/3/faq/installed.html]
[docs.python.org/3/library/asyncio-stream.html]
[docs.python.org/3/library/asyncio-sync.html]
[docs.python.org/3/library/asyncio-subprocess.html]
[docs.python.org/3/library/asyncio-queue.html]
[docs.python.org/3/library/asyncio-exceptions.html]
[docs.python.org/3/library/asyncio-future.html]
[docs.python.org/3/library/asyncio-protocol.html]
[docs.python.org/3/library/asyncio-platforms.html]
[docs.python.org/3/library/asyncio-extending.html]
[docs.python.org/3/library/asyncio-api-index.html]
[docs.python.org/3/library/asyncio-llapi-index.html]
[docs.python.org/3/library/asyncio-dev.html]
[docs.python.org/3/library/email.examples.html]
[docs.python.org/3/library/email.compat32-message.html]
[docs.python.org/3/c-api/none.html]
[docs.python.org/3/c-api/bool.html]
[docs.python.org/3/c-api/float.html]
[docs.python.org/3/c-api/complex.html]
[docs.python.org/3/c-api/bytes.html]
[docs.python.org/3/c-api/bytearray.html]
[docs.python.org/3/c-api/tuple.html]
[docs.python.org/3/c-api/list.html]
[docs.python.org/3/c-api/set.html]
[docs.python.org/3/c-api/method.html]
[docs.python.org/3/c-api/cell.html]
[docs.python.org/3/c-api/file.html]
[docs.python.org/3/c-api/iterator.html]
[docs.python.org/3/c-api/descriptor.html]
[docs.python.org/3/c-api/memoryview.html]
[docs.python.org/3/c-api/capsule.html]
[docs.python.org/3/c-api/gen.html]
[docs.python.org/3/c-api/coro.html]
[docs.python.org/3/c-api/contextvars.html]
[docs.python.org/3/c-api/datetime.html]
[docs.python.org/3/c-api/typehints.html]
[docs.python.org/3/_static/file.png]
[docs.python.org/3/_static/basic.css]
[upload.wikimedia.org/wikipedia/commons/1/17/Balance_à_tabac_1850.html]
